<?xml version="1.0" encoding="UTF-8"?>
<!-- Generated by org.testng.reporters.JUnitXMLReporter -->
<testsuite ignored="3" hostname="shari" failures="0" tests="6" name="groups test" time="0.068" errors="0" timestamp="2024-04-30T13:16:17 IST">
  <testcase classname="Testng.Groups" name="developer" time="0.022"/>
  <testcase classname="Testng.Groups" name="developer2" time="0.0"/>
  <testcase classname="Testng.Groups" name="developer3" time="0.001"/>
  <testcase classname="Testng.Groups" name="hr" time="0.001"/>
  <testcase classname="Testng.Groups" name="hr1" time="0.0"/>
  <testcase classname="Testng.Groups" name="hr2" time="0.0"/>
  <testcase classname="Testng.Groups" name="admin3" time="0.0">
    <ignored/>
  </testcase> <!-- admin3 -->
  <testcase classname="Testng.Groups" name="admin2" time="0.0">
    <ignored/>
  </testcase> <!-- admin2 -->
  <testcase classname="Testng.Groups" name="admin" time="0.0">
    <ignored/>
  </testcase> <!-- admin -->
</testsuite> <!-- groups test -->
