<?xml version="1.0" encoding="UTF-8"?>
<!-- Generated by org.testng.reporters.JUnitXMLReporter -->
<testsuite ignored="0" hostname="shari" failures="2" tests="2" name="soft and hard assertion" time="0.042" errors="0" timestamp="2024-04-30T15:23:12 IST">
  <testcase classname="Testng.SoftAssertions" name="soft_Assertion_Demo" time="0.009">
    <failure type="java.lang.AssertionError" message="The following asserts failed:
	this is first assert expected [selenium] but found [manual],
	expected [12] but found [10],
	assert not equal expected [hello] but found [hi],
	expected [selenium] but found [automation]">
      <![CDATA[java.lang.AssertionError: The following asserts failed:
this is first assert expected [selenium] but found [manual],
expected [12] but found [10],
assert not equal expected [hello] but found [hi],
expected [selenium] but found [automation]
at Testng.SoftAssertions.soft_Assertion_Demo(SoftAssertions.java:34)
at java.base/java.util.ArrayList.forEach(ArrayList.java:1511)
... Removed 29 stack frames]]>
    </failure>
  </testcase> <!-- soft_Assertion_Demo -->
  <testcase classname="Testng.HardAssertion" name="assertionDemo1" time="0.001">
    <failure type="java.lang.AssertionError" message="expected [manual] but found [selenium]">
      <![CDATA[java.lang.AssertionError: expected [manual] but found [selenium]
at Testng.HardAssertion.assertionDemo1(HardAssertion.java:18)
at java.base/java.util.ArrayList.forEach(ArrayList.java:1511)
... Removed 33 stack frames]]>
    </failure>
  </testcase> <!-- assertionDemo1 -->
</testsuite> <!-- soft and hard assertion -->
