<?xml version="1.0" encoding="UTF-8"?>
<!-- Generated by org.testng.reporters.JUnitXMLReporter -->
<testsuite ignored="2" hostname="shari" failures="0" tests="3" name="Default test" time="55.259" errors="0" timestamp="2024-05-03T13:46:39 IST">
  <testcase classname="DDTfw.OhrmDDt" name="login2" time="4.564"/>
  <testcase classname="DDTfw.OhrmDDt" name="login2" time="4.572"/>
  <testcase classname="DDTfw.OhrmDDt" name="login2" time="4.7"/>
  <testcase classname="DDTfw.OhrmDDt" name="login" time="0.0">
    <ignored/>
  </testcase> <!-- login -->
  <testcase classname="DDTfw.OhrmDDt" name="login1" time="0.0">
    <ignored/>
  </testcase> <!-- login1 -->
</testsuite> <!-- Default test -->
