<?xml version="1.0" encoding="UTF-8"?>
<testng-results ignored="2" total="5" passed="3" failed="0" skipped="0">
  <reporter-output>
  </reporter-output>
  <suite started-at="2024-05-03T13:45:44 IST" name="Default suite" finished-at="2024-05-03T13:46:39 IST" duration-ms="55259">
    <groups>
    </groups>
    <test started-at="2024-05-03T13:45:44 IST" name="Default test" finished-at="2024-05-03T13:46:39 IST" duration-ms="55259">
      <class name="DDTfw.OhrmDDt">
        <test-method is-config="true" signature="setUp()[pri:0, instance:DDTfw.OhrmDDt@a514af7]" started-at="2024-05-03T13:45:45 IST" name="setUp" finished-at="2024-05-03T13:45:58 IST" duration-ms="13236" status="PASS">
          <reporter-output>
          </reporter-output>
        </test-method> <!-- setUp -->
        <test-method signature="login2(java.lang.String,java.lang.String)[pri:0, instance:DDTfw.OhrmDDt@a514af7]" started-at="2024-05-03T13:45:58 IST" name="login2" data-provider="logindataset" finished-at="2024-05-03T13:46:02 IST" duration-ms="4564" status="PASS">
          <params>
            <param index="0">
              <value>
                <![CDATA[admin2]]>
              </value>
            </param>
            <param index="1">
              <value>
                <![CDATA[admin123]]>
              </value>
            </param>
          </params>
          <reporter-output>
          </reporter-output>
        </test-method> <!-- login2 -->
        <test-method is-config="true" signature="teardown()[pri:0, instance:DDTfw.OhrmDDt@a514af7]" started-at="2024-05-03T13:46:02 IST" name="teardown" finished-at="2024-05-03T13:46:03 IST" duration-ms="206" status="PASS">
          <reporter-output>
          </reporter-output>
        </test-method> <!-- teardown -->
        <test-method is-config="true" signature="setUp()[pri:0, instance:DDTfw.OhrmDDt@a514af7]" started-at="2024-05-03T13:46:03 IST" name="setUp" finished-at="2024-05-03T13:46:16 IST" duration-ms="13837" status="PASS">
          <reporter-output>
          </reporter-output>
        </test-method> <!-- setUp -->
        <test-method signature="login2(java.lang.String,java.lang.String)[pri:0, instance:DDTfw.OhrmDDt@a514af7]" started-at="2024-05-03T13:46:16 IST" name="login2" data-provider="logindataset" finished-at="2024-05-03T13:46:21 IST" duration-ms="4572" status="PASS">
          <params>
            <param index="0">
              <value>
                <![CDATA[Admin1]]>
              </value>
            </param>
            <param index="1">
              <value>
                <![CDATA[12345]]>
              </value>
            </param>
          </params>
          <reporter-output>
          </reporter-output>
        </test-method> <!-- login2 -->
        <test-method is-config="true" signature="teardown()[pri:0, instance:DDTfw.OhrmDDt@a514af7]" started-at="2024-05-03T13:46:21 IST" name="teardown" finished-at="2024-05-03T13:46:21 IST" duration-ms="162" status="PASS">
          <reporter-output>
          </reporter-output>
        </test-method> <!-- teardown -->
        <test-method is-config="true" signature="setUp()[pri:0, instance:DDTfw.OhrmDDt@a514af7]" started-at="2024-05-03T13:46:21 IST" name="setUp" finished-at="2024-05-03T13:46:34 IST" duration-ms="13129" status="PASS">
          <reporter-output>
          </reporter-output>
        </test-method> <!-- setUp -->
        <test-method signature="login2(java.lang.String,java.lang.String)[pri:0, instance:DDTfw.OhrmDDt@a514af7]" started-at="2024-05-03T13:46:34 IST" name="login2" data-provider="logindataset" finished-at="2024-05-03T13:46:39 IST" duration-ms="4700" status="PASS">
          <params>
            <param index="0">
              <value>
                <![CDATA[Admin]]>
              </value>
            </param>
            <param index="1">
              <value>
                <![CDATA[admin123]]>
              </value>
            </param>
          </params>
          <reporter-output>
          </reporter-output>
        </test-method> <!-- login2 -->
        <test-method is-config="true" signature="teardown()[pri:0, instance:DDTfw.OhrmDDt@a514af7]" started-at="2024-05-03T13:46:39 IST" name="teardown" finished-at="2024-05-03T13:46:39 IST" duration-ms="207" status="PASS">
          <reporter-output>
          </reporter-output>
        </test-method> <!-- teardown -->
      </class> <!-- DDTfw.OhrmDDt -->
    </test> <!-- Default test -->
  </suite> <!-- Default suite -->
</testng-results>
